This file contains any messages produced by compilers while
running configure, to aid debugging if configure makes a mistake.

It was created by ukui-media configure 1.1.1, which was
generated by GNU Autoconf 2.69.  Invocation command line was

  $ ./configure --build=x86_64-linux-gnu --prefix=/usr --includedir=${prefix}/include --mandir=${prefix}/share/man --infodir=${prefix}/share/info --sysconfdir=/etc --localstatedir=/var --disable-silent-rules --libdir=${prefix}/lib/x86_64-linux-gnu --libexecdir=${prefix}/lib/x86_64-linux-gnu --runstatedir=/run --disable-maintainer-mode --disable-dependency-tracking --localstatedir=/var --disable-silent-rules --disable-static

## --------- ##
## Platform. ##
## --------- ##

hostname = fzx-QiTianM425-N000
uname -m = x86_64
uname -r = 5.0.0-23-generic
uname -s = Linux
uname -v = #24-Ubuntu SMP Mon Jul 29 15:36:44 UTC 2019

/usr/bin/uname -p = x86_64
/bin/uname -X     = unknown

/bin/arch              = x86_64
/usr/bin/arch -k       = unknown
/usr/convex/getsysinfo = unknown
/usr/bin/hostinfo      = unknown
/bin/machine           = unknown
/usr/bin/oslevel       = unknown
/bin/universe          = unknown

PATH: /usr/sbin
PATH: /usr/bin
PATH: /sbin
PATH: /bin
PATH: /usr/bin/X11


## ----------- ##
## Core tests. ##
## ----------- ##

configure:2419: checking for a BSD-compatible install
configure:2487: result: /usr/bin/install -c
configure:2498: checking whether build environment is sane
configure:2553: result: yes
configure:2702: checking for a thread-safe mkdir -p
configure:2741: result: /usr/bin/mkdir -p
configure:2748: checking for gawk
configure:2778: result: no
configure:2748: checking for mawk
configure:2764: found /usr/bin/mawk
configure:2775: result: mawk
configure:2786: checking whether make sets $(MAKE)
configure:2808: result: yes
configure:2837: checking whether make supports nested variables
configure:2854: result: yes
configure:2933: checking how to create a pax tar archive
configure:2944: tar --version
tar (GNU tar) 1.30
Copyright (C) 2017 Free Software Foundation, Inc.
License GPLv3+: GNU GPL version 3 or later <https://gnu.org/licenses/gpl.html>.
This is free software: you are free to change and redistribute it.
There is NO WARRANTY, to the extent permitted by law.

Written by John Gilmore and Jay Fenlason.
configure:2947: $? = 0
configure:2987: tardir=conftest.dir && eval tar --format=posix -chf - "$tardir" >conftest.tar
configure:2990: $? = 0
configure:2994: tar -xf - <conftest.tar
configure:2997: $? = 0
configure:2999: cat conftest.dir/file
GrepMe
configure:3002: $? = 0
configure:3015: result: gnutar
configure:3066: checking whether to enable maintainer-specific portions of Makefiles
configure:3075: result: no
configure:3094: checking whether NLS is requested
configure:3103: result: yes
configure:3121: checking for intltool >= 0.35.0
configure:3123: result: 0.51.0 found
configure:3131: checking for intltool-update
configure:3149: found /usr/bin/intltool-update
configure:3161: result: /usr/bin/intltool-update
configure:3171: checking for intltool-merge
configure:3189: found /usr/bin/intltool-merge
configure:3201: result: /usr/bin/intltool-merge
configure:3211: checking for intltool-extract
configure:3229: found /usr/bin/intltool-extract
configure:3241: result: /usr/bin/intltool-extract
configure:3395: checking for xgettext
configure:3413: found /usr/bin/xgettext
configure:3425: result: /usr/bin/xgettext
configure:3435: checking for msgmerge
configure:3453: found /usr/bin/msgmerge
configure:3465: result: /usr/bin/msgmerge
configure:3475: checking for msgfmt
configure:3493: found /usr/bin/msgfmt
configure:3505: result: /usr/bin/msgfmt
configure:3515: checking for gmsgfmt
configure:3546: result: /usr/bin/msgfmt
configure:3566: checking for perl
configure:3584: found /usr/bin/perl
configure:3596: result: /usr/bin/perl
configure:3607: checking for perl >= 5.8.1
configure:3614: result: 5.28.1
configure:3618: checking for XML::Parser
configure:3621: result: ok
configure:3684: checking for gcc
configure:3700: found /usr/bin/gcc
configure:3711: result: gcc
configure:3940: checking for C compiler version
configure:3949: gcc --version >&5
gcc (Ubuntu 8.3.0-6ubuntu1) 8.3.0
Copyright (C) 2018 Free Software Foundation, Inc.
This is free software; see the source for copying conditions.  There is NO
warranty; not even for MERCHANTABILITY or FITNESS FOR A PARTICULAR PURPOSE.

configure:3960: $? = 0
configure:3949: gcc -v >&5
Using built-in specs.
COLLECT_GCC=gcc
COLLECT_LTO_WRAPPER=/usr/lib/gcc/x86_64-linux-gnu/8/lto-wrapper
OFFLOAD_TARGET_NAMES=nvptx-none
OFFLOAD_TARGET_DEFAULT=1
Target: x86_64-linux-gnu
Configured with: ../src/configure -v --with-pkgversion='Ubuntu 8.3.0-6ubuntu1' --with-bugurl=file:///usr/share/doc/gcc-8/README.Bugs --enable-languages=c,ada,c++,go,brig,d,fortran,objc,obj-c++ --prefix=/usr --with-gcc-major-version-only --program-suffix=-8 --program-prefix=x86_64-linux-gnu- --enable-shared --enable-linker-build-id --libexecdir=/usr/lib --without-included-gettext --enable-threads=posix --libdir=/usr/lib --enable-nls --enable-bootstrap --enable-clocale=gnu --enable-libstdcxx-debug --enable-libstdcxx-time=yes --with-default-libstdcxx-abi=new --enable-gnu-unique-object --disable-vtable-verify --enable-libmpx --enable-plugin --enable-default-pie --with-system-zlib --with-target-system-zlib --enable-objc-gc=auto --enable-multiarch --disable-werror --with-arch-32=i686 --with-abi=m64 --with-multilib-list=m32,m64,mx32 --enable-multilib --with-tune=generic --enable-offload-targets=nvptx-none --without-cuda-driver --enable-checking=release --build=x86_64-linux-gnu --host=x86_64-linux-gnu --target=x86_64-linux-gnu
Thread model: posix
gcc version 8.3.0 (Ubuntu 8.3.0-6ubuntu1) 
configure:3960: $? = 0
configure:3949: gcc -V >&5
gcc: error: unrecognized command line option '-V'
gcc: fatal error: no input files
compilation terminated.
configure:3960: $? = 1
configure:3949: gcc -qversion >&5
gcc: error: unrecognized command line option '-qversion'; did you mean '--version'?
gcc: fatal error: no input files
compilation terminated.
configure:3960: $? = 1
configure:3980: checking whether the C compiler works
configure:4002: gcc -g -O2 -fdebug-prefix-map=/home/fzx/temp/ukui-media/ukui-media=. -fstack-protector-strong -Wformat -Werror=format-security -Wdate-time -D_FORTIFY_SOURCE=2 -Wl,-Bsymbolic-functions -Wl,-z,relro -Wl,-z,now conftest.c  >&5
configure:4006: $? = 0
configure:4054: result: yes
configure:4057: checking for C compiler default output file name
configure:4059: result: a.out
configure:4065: checking for suffix of executables
configure:4072: gcc -o conftest -g -O2 -fdebug-prefix-map=/home/fzx/temp/ukui-media/ukui-media=. -fstack-protector-strong -Wformat -Werror=format-security -Wdate-time -D_FORTIFY_SOURCE=2 -Wl,-Bsymbolic-functions -Wl,-z,relro -Wl,-z,now conftest.c  >&5
configure:4076: $? = 0
configure:4098: result: 
configure:4120: checking whether we are cross compiling
configure:4128: gcc -o conftest -g -O2 -fdebug-prefix-map=/home/fzx/temp/ukui-media/ukui-media=. -fstack-protector-strong -Wformat -Werror=format-security -Wdate-time -D_FORTIFY_SOURCE=2 -Wl,-Bsymbolic-functions -Wl,-z,relro -Wl,-z,now conftest.c  >&5
configure:4132: $? = 0
configure:4139: ./conftest
configure:4143: $? = 0
configure:4131: result: no
configure:4136: checking for suffix of object files
configure:4158: gcc -c -g -O2 -fdebug-prefix-map=/home/fzx/temp/ukui-media/ukui-media=. -fstack-protector-strong -Wformat -Werror=format-security -Wdate-time -D_FORTIFY_SOURCE=2 conftest.c >&5
configure:4162: $? = 0
configure:4183: result: o
configure:4187: checking whether we are using the GNU C compiler
configure:4206: gcc -c -g -O2 -fdebug-prefix-map=/home/fzx/temp/ukui-media/ukui-media=. -fstack-protector-strong -Wformat -Werror=format-security -Wdate-time -D_FORTIFY_SOURCE=2 conftest.c >&5
configure:4206: $? = 0
configure:4215: result: yes
configure:4224: checking whether gcc accepts -g
configure:4244: gcc -c -g -Wdate-time -D_FORTIFY_SOURCE=2 conftest.c >&5
configure:4244: $? = 0
configure:4285: result: yes
configure:4302: checking for gcc option to accept ISO C89
configure:4365: gcc  -c -g -O2 -fdebug-prefix-map=/home/fzx/temp/ukui-media/ukui-media=. -fstack-protector-strong -Wformat -Werror=format-security -Wdate-time -D_FORTIFY_SOURCE=2 conftest.c >&5
configure:4365: $? = 0
configure:4378: result: none needed
configure:4403: checking whether gcc understands -c and -o together
configure:4425: gcc -c conftest.c -o conftest2.o
configure:4428: $? = 0
configure:4425: gcc -c conftest.c -o conftest2.o
configure:4428: $? = 0
configure:4440: result: yes
configure:4460: checking whether make supports the include directive
configure:4475: make -f confmf.GNU && cat confinc.out
make[2]: Entering directory '/home/fzx/temp/ukui-media/ukui-media'
make[2]: Leaving directory '/home/fzx/temp/ukui-media/ukui-media'
this is the am__doit target
configure:4478: $? = 0
configure:4497: result: yes (GNU style)
configure:4522: checking dependency style of gcc
configure:4633: result: none
configure:4650: checking whether ln -s works
configure:4654: result: yes
configure:4661: checking whether make sets $(MAKE)
configure:4683: result: yes
configure:4721: checking build system type
configure:4735: result: x86_64-pc-linux-gnu
configure:4755: checking host system type
configure:4768: result: x86_64-pc-linux-gnu
configure:4809: checking how to print strings
configure:4836: result: printf
configure:4857: checking for a sed that does not truncate output
configure:4921: result: /usr/bin/sed
configure:4939: checking for grep that handles long lines and -e
configure:4997: result: /usr/bin/grep
configure:5002: checking for egrep
configure:5064: result: /usr/bin/grep -E
configure:5069: checking for fgrep
configure:5131: result: /usr/bin/grep -F
configure:5166: checking for ld used by gcc
configure:5233: result: /usr/bin/ld
configure:5240: checking if the linker (/usr/bin/ld) is GNU ld
configure:5255: result: yes
configure:5267: checking for BSD- or MS-compatible name lister (nm)
configure:5321: result: /usr/bin/nm -B
configure:5451: checking the name lister (/usr/bin/nm -B) interface
configure:5458: gcc -c -g -O2 -fdebug-prefix-map=/home/fzx/temp/ukui-media/ukui-media=. -fstack-protector-strong -Wformat -Werror=format-security -Wdate-time -D_FORTIFY_SOURCE=2 conftest.c >&5
configure:5461: /usr/bin/nm -B "conftest.o"
configure:5464: output
0000000000000000 B some_variable
configure:5465: result: BSD nm
configure:5469: checking the maximum length of command line arguments
configure:5600: result: 1572864
configure:5648: checking how to convert x86_64-pc-linux-gnu file names to x86_64-pc-linux-gnu format
configure:5688: result: func_convert_file_noop
configure:5695: checking how to convert x86_64-pc-linux-gnu file names to toolchain format
configure:5715: result: func_convert_file_noop
configure:5722: checking for /usr/bin/ld option to reload object files
configure:5729: result: -r
configure:5803: checking for objdump
configure:5819: found /usr/bin/objdump
configure:5830: result: objdump
configure:5862: checking how to recognize dependent libraries
configure:6062: result: pass_all
configure:6147: checking for dlltool
configure:6177: result: no
configure:6207: checking how to associate runtime and link libraries
configure:6234: result: printf %s\n
configure:6295: checking for ar
configure:6311: found /usr/bin/ar
configure:6322: result: ar
configure:6359: checking for archiver @FILE support
configure:6376: gcc -c -g -O2 -fdebug-prefix-map=/home/fzx/temp/ukui-media/ukui-media=. -fstack-protector-strong -Wformat -Werror=format-security -Wdate-time -D_FORTIFY_SOURCE=2 conftest.c >&5
configure:6376: $? = 0
configure:6379: ar cru libconftest.a @conftest.lst >&5
ar: `u' modifier ignored since `D' is the default (see `U')
configure:6382: $? = 0
configure:6387: ar cru libconftest.a @conftest.lst >&5
ar: `u' modifier ignored since `D' is the default (see `U')
ar: conftest.o: No such file or directory
configure:6390: $? = 1
configure:6389: result: @
configure:6447: checking for strip
configure:6463: found /usr/bin/strip
configure:6474: result: strip
configure:6546: checking for ranlib
configure:6562: found /usr/bin/ranlib
configure:6573: result: ranlib
configure:6675: checking command to parse /usr/bin/nm -B output from gcc object
configure:6828: gcc -c -g -O2 -fdebug-prefix-map=/home/fzx/temp/ukui-media/ukui-media=. -fstack-protector-strong -Wformat -Werror=format-security -Wdate-time -D_FORTIFY_SOURCE=2 conftest.c >&5
configure:6831: $? = 0
configure:6835: /usr/bin/nm -B conftest.o | sed -n -e 's/^.*[	 ]\([ABCDGIRSTW][ABCDGIRSTW]*\)[	 ][	 ]*\([_A-Za-z][_A-Za-z0-9]*\)$/\1 \2 \2/p' | sed '/ __gnu_lto/d' > conftest.nm
configure:6901: gcc -o conftest -g -O2 -fdebug-prefix-map=/home/fzx/temp/ukui-media/ukui-media=. -fstack-protector-strong -Wformat -Werror=format-security -Wdate-time -D_FORTIFY_SOURCE=2 -Wl,-Bsymbolic-functions -Wl,-z,relro -Wl,-z,now conftest.c conftstm.o >&5
configure:6904: $? = 0
configure:6942: result: ok
configure:6989: checking for sysroot
configure:7019: result: no
configure:7026: checking for a working dd
configure:7064: result: /usr/bin/dd
configure:7068: checking how to truncate binary pipes
configure:7083: result: /usr/bin/dd bs=4096 count=1
configure:7219: gcc -c -g -O2 -fdebug-prefix-map=/home/fzx/temp/ukui-media/ukui-media=. -fstack-protector-strong -Wformat -Werror=format-security -Wdate-time -D_FORTIFY_SOURCE=2 conftest.c >&5
configure:7222: $? = 0
configure:7412: checking for mt
configure:7428: found /usr/bin/mt
configure:7439: result: mt
configure:7462: checking if mt is a manifest tool
configure:7468: mt '-?'
configure:7476: result: no
configure:8153: checking how to run the C preprocessor
configure:8184: gcc -E -Wdate-time -D_FORTIFY_SOURCE=2 conftest.c
configure:8184: $? = 0
configure:8198: gcc -E -Wdate-time -D_FORTIFY_SOURCE=2 conftest.c
conftest.c:11:10: fatal error: ac_nonexistent.h: No such file or directory
 #include <ac_nonexistent.h>
          ^~~~~~~~~~~~~~~~~~
compilation terminated.
configure:8198: $? = 1
configure: failed program was:
| /* confdefs.h */
| #define PACKAGE_NAME "ukui-media"
| #define PACKAGE_TARNAME "ukui-media"
| #define PACKAGE_VERSION "1.1.1"
| #define PACKAGE_STRING "ukui-media 1.1.1"
| #define PACKAGE_BUGREPORT "http://www.ukui.org/"
| #define PACKAGE_URL ""
| #define PACKAGE "ukui-media"
| #define VERSION "1.1.1"
| /* end confdefs.h.  */
| #include <ac_nonexistent.h>
configure:8223: result: gcc -E
configure:8243: gcc -E -Wdate-time -D_FORTIFY_SOURCE=2 conftest.c
configure:8243: $? = 0
configure:8257: gcc -E -Wdate-time -D_FORTIFY_SOURCE=2 conftest.c
conftest.c:11:10: fatal error: ac_nonexistent.h: No such file or directory
 #include <ac_nonexistent.h>
          ^~~~~~~~~~~~~~~~~~
compilation terminated.
configure:8257: $? = 1
configure: failed program was:
| /* confdefs.h */
| #define PACKAGE_NAME "ukui-media"
| #define PACKAGE_TARNAME "ukui-media"
| #define PACKAGE_VERSION "1.1.1"
| #define PACKAGE_STRING "ukui-media 1.1.1"
| #define PACKAGE_BUGREPORT "http://www.ukui.org/"
| #define PACKAGE_URL ""
| #define PACKAGE "ukui-media"
| #define VERSION "1.1.1"
| /* end confdefs.h.  */
| #include <ac_nonexistent.h>
configure:8286: checking for ANSI C header files
configure:8306: gcc -c -g -O2 -fdebug-prefix-map=/home/fzx/temp/ukui-media/ukui-media=. -fstack-protector-strong -Wformat -Werror=format-security -Wdate-time -D_FORTIFY_SOURCE=2 conftest.c >&5
configure:8306: $? = 0
configure:8379: gcc -o conftest -g -O2 -fdebug-prefix-map=/home/fzx/temp/ukui-media/ukui-media=. -fstack-protector-strong -Wformat -Werror=format-security -Wdate-time -D_FORTIFY_SOURCE=2 -Wl,-Bsymbolic-functions -Wl,-z,relro -Wl,-z,now conftest.c  >&5
configure:8379: $? = 0
configure:8379: ./conftest
configure:8379: $? = 0
configure:8390: result: yes
configure:8403: checking for sys/types.h
configure:8403: gcc -c -g -O2 -fdebug-prefix-map=/home/fzx/temp/ukui-media/ukui-media=. -fstack-protector-strong -Wformat -Werror=format-security -Wdate-time -D_FORTIFY_SOURCE=2 conftest.c >&5
configure:8403: $? = 0
configure:8403: result: yes
configure:8403: checking for sys/stat.h
configure:8403: gcc -c -g -O2 -fdebug-prefix-map=/home/fzx/temp/ukui-media/ukui-media=. -fstack-protector-strong -Wformat -Werror=format-security -Wdate-time -D_FORTIFY_SOURCE=2 conftest.c >&5
configure:8403: $? = 0
configure:8403: result: yes
configure:8403: checking for stdlib.h
configure:8403: gcc -c -g -O2 -fdebug-prefix-map=/home/fzx/temp/ukui-media/ukui-media=. -fstack-protector-strong -Wformat -Werror=format-security -Wdate-time -D_FORTIFY_SOURCE=2 conftest.c >&5
configure:8403: $? = 0
configure:8403: result: yes
configure:8403: checking for string.h
configure:8403: gcc -c -g -O2 -fdebug-prefix-map=/home/fzx/temp/ukui-media/ukui-media=. -fstack-protector-strong -Wformat -Werror=format-security -Wdate-time -D_FORTIFY_SOURCE=2 conftest.c >&5
configure:8403: $? = 0
configure:8403: result: yes
configure:8403: checking for memory.h
configure:8403: gcc -c -g -O2 -fdebug-prefix-map=/home/fzx/temp/ukui-media/ukui-media=. -fstack-protector-strong -Wformat -Werror=format-security -Wdate-time -D_FORTIFY_SOURCE=2 conftest.c >&5
configure:8403: $? = 0
configure:8403: result: yes
configure:8403: checking for strings.h
configure:8403: gcc -c -g -O2 -fdebug-prefix-map=/home/fzx/temp/ukui-media/ukui-media=. -fstack-protector-strong -Wformat -Werror=format-security -Wdate-time -D_FORTIFY_SOURCE=2 conftest.c >&5
configure:8403: $? = 0
configure:8403: result: yes
configure:8403: checking for inttypes.h
configure:8403: gcc -c -g -O2 -fdebug-prefix-map=/home/fzx/temp/ukui-media/ukui-media=. -fstack-protector-strong -Wformat -Werror=format-security -Wdate-time -D_FORTIFY_SOURCE=2 conftest.c >&5
configure:8403: $? = 0
configure:8403: result: yes
configure:8403: checking for stdint.h
configure:8403: gcc -c -g -O2 -fdebug-prefix-map=/home/fzx/temp/ukui-media/ukui-media=. -fstack-protector-strong -Wformat -Werror=format-security -Wdate-time -D_FORTIFY_SOURCE=2 conftest.c >&5
configure:8403: $? = 0
configure:8403: result: yes
configure:8403: checking for unistd.h
configure:8403: gcc -c -g -O2 -fdebug-prefix-map=/home/fzx/temp/ukui-media/ukui-media=. -fstack-protector-strong -Wformat -Werror=format-security -Wdate-time -D_FORTIFY_SOURCE=2 conftest.c >&5
configure:8403: $? = 0
configure:8403: result: yes
configure:8417: checking for dlfcn.h
configure:8417: gcc -c -g -O2 -fdebug-prefix-map=/home/fzx/temp/ukui-media/ukui-media=. -fstack-protector-strong -Wformat -Werror=format-security -Wdate-time -D_FORTIFY_SOURCE=2 conftest.c >&5
configure:8417: $? = 0
configure:8417: result: yes
configure:8673: checking for objdir
configure:8688: result: .libs
configure:8952: checking if gcc supports -fno-rtti -fno-exceptions
configure:8970: gcc -c -g -O2 -fdebug-prefix-map=/home/fzx/temp/ukui-media/ukui-media=. -fstack-protector-strong -Wformat -Werror=format-security -Wdate-time -D_FORTIFY_SOURCE=2 -fno-rtti -fno-exceptions conftest.c >&5
cc1: warning: command line option '-fno-rtti' is valid for C++/ObjC++ but not for C
configure:8974: $? = 0
configure:8987: result: no
configure:9351: checking for gcc option to produce PIC
configure:9358: result: -fPIC -DPIC
configure:9366: checking if gcc PIC flag -fPIC -DPIC works
configure:9384: gcc -c -g -O2 -fdebug-prefix-map=/home/fzx/temp/ukui-media/ukui-media=. -fstack-protector-strong -Wformat -Werror=format-security -Wdate-time -D_FORTIFY_SOURCE=2 -fPIC -DPIC -DPIC conftest.c >&5
configure:9388: $? = 0
configure:9401: result: yes
configure:9430: checking if gcc static flag -static works
configure:9458: result: yes
configure:9473: checking if gcc supports -c -o file.o
configure:9494: gcc -c -g -O2 -fdebug-prefix-map=/home/fzx/temp/ukui-media/ukui-media=. -fstack-protector-strong -Wformat -Werror=format-security -Wdate-time -D_FORTIFY_SOURCE=2 -o out/conftest2.o conftest.c >&5
configure:9498: $? = 0
configure:9520: result: yes
configure:9528: checking if gcc supports -c -o file.o
configure:9575: result: yes
configure:9608: checking whether the gcc linker (/usr/bin/ld -m elf_x86_64) supports shared libraries
configure:10871: result: yes
configure:10908: checking whether -lc should be explicitly linked in
configure:10916: gcc -c -g -O2 -fdebug-prefix-map=/home/fzx/temp/ukui-media/ukui-media=. -fstack-protector-strong -Wformat -Werror=format-security -Wdate-time -D_FORTIFY_SOURCE=2 conftest.c >&5
configure:10919: $? = 0
configure:10934: gcc -shared  -fPIC -DPIC conftest.o  -v -Wl,-soname -Wl,conftest -o conftest 2\>\&1 \| /usr/bin/grep  -lc  \>/dev/null 2\>\&1
configure:10937: $? = 0
configure:10951: result: no
configure:11111: checking dynamic linker characteristics
configure:11692: gcc -o conftest -g -O2 -fdebug-prefix-map=/home/fzx/temp/ukui-media/ukui-media=. -fstack-protector-strong -Wformat -Werror=format-security -Wdate-time -D_FORTIFY_SOURCE=2 -Wl,-Bsymbolic-functions -Wl,-z,relro -Wl,-z,now -Wl,-rpath -Wl,/foo conftest.c  >&5
configure:11692: $? = 0
configure:11941: result: GNU/Linux ld.so
configure:12063: checking how to hardcode library paths into programs
configure:12088: result: immediate
configure:12636: checking whether stripping libraries is possible
configure:12641: result: yes
configure:12676: checking if libtool supports shared libraries
configure:12678: result: yes
configure:12681: checking whether to build shared libraries
configure:12706: result: yes
configure:12709: checking whether to build static libraries
configure:12713: result: no
configure:9528: checking for ANSI C header files
configure:9632: result: yes
configure:9643: checking for string.h
configure:9643: result: yes
configure:9643: checking math.h usability
configure:9643: gcc -c -g -O2 -fdebug-prefix-map=/home/fzx/temp/ukui-media/ukui-media=. -fstack-protector-strong -Wformat -Werror=format-security -Wdate-time -D_FORTIFY_SOURCE=2 conftest.c >&5
configure:9643: $? = 0
configure:9643: result: yes
configure:9643: checking math.h presence
configure:9643: gcc -E -Wdate-time -D_FORTIFY_SOURCE=2 conftest.c
configure:9643: $? = 0
configure:9643: result: yes
configure:9643: checking for math.h
configure:9643: result: yes
configure:9655: checking for an ANSI C-conforming const
configure:9721: gcc -c -g -O2 -fdebug-prefix-map=/home/fzx/temp/ukui-media/ukui-media=. -fstack-protector-strong -Wformat -Werror=format-security -Wdate-time -D_FORTIFY_SOURCE=2 conftest.c >&5
configure:9721: $? = 0
configure:9728: result: yes
configure:9736: checking for inline
configure:9752: gcc -c -g -O2 -fdebug-prefix-map=/home/fzx/temp/ukui-media/ukui-media=. -fstack-protector-strong -Wformat -Werror=format-security -Wdate-time -D_FORTIFY_SOURCE=2 conftest.c >&5
configure:9752: $? = 0
configure:9760: result: inline
configure:9778: checking for off_t
configure:9778: gcc -c -g -O2 -fdebug-prefix-map=/home/fzx/temp/ukui-media/ukui-media=. -fstack-protector-strong -Wformat -Werror=format-security -Wdate-time -D_FORTIFY_SOURCE=2 conftest.c >&5
configure:9778: $? = 0
configure:9778: gcc -c -g -O2 -fdebug-prefix-map=/home/fzx/temp/ukui-media/ukui-media=. -fstack-protector-strong -Wformat -Werror=format-security -Wdate-time -D_FORTIFY_SOURCE=2 conftest.c >&5
conftest.c: In function 'main':
conftest.c:62:20: error: expected expression before ')' token
 if (sizeof ((off_t)))
                    ^
configure:9778: $? = 1
configure: failed program was:
| /* confdefs.h */
| #define PACKAGE_NAME "ukui-media"
| #define PACKAGE_TARNAME "ukui-media"
| #define PACKAGE_VERSION "1.1.1"
| #define PACKAGE_STRING "ukui-media 1.1.1"
| #define PACKAGE_BUGREPORT "http://www.ukui.org/"
| #define PACKAGE_URL ""
| #define PACKAGE "ukui-media"
| #define VERSION "1.1.1"
| #define STDC_HEADERS 1
| #define HAVE_SYS_TYPES_H 1
| #define HAVE_SYS_STAT_H 1
| #define HAVE_STDLIB_H 1
| #define HAVE_STRING_H 1
| #define HAVE_MEMORY_H 1
| #define HAVE_STRINGS_H 1
| #define HAVE_INTTYPES_H 1
| #define HAVE_STDINT_H 1
| #define HAVE_UNISTD_H 1
| #define HAVE_DLFCN_H 1
| #define LT_OBJDIR ".libs/"
| #define STDC_HEADERS 1
| #define HAVE_STRING_H 1
| #define HAVE_MATH_H 1
| /* end confdefs.h.  */
| #include <stdio.h>
| #ifdef HAVE_SYS_TYPES_H
| # include <sys/types.h>
| #endif
| #ifdef HAVE_SYS_STAT_H
| # include <sys/stat.h>
| #endif
| #ifdef STDC_HEADERS
| # include <stdlib.h>
| # include <stddef.h>
| #else
| # ifdef HAVE_STDLIB_H
| #  include <stdlib.h>
| # endif
| #endif
| #ifdef HAVE_STRING_H
| # if !defined STDC_HEADERS && defined HAVE_MEMORY_H
| #  include <memory.h>
| # endif
| # include <string.h>
| #endif
| #ifdef HAVE_STRINGS_H
| # include <strings.h>
| #endif
| #ifdef HAVE_INTTYPES_H
| # include <inttypes.h>
| #endif
| #ifdef HAVE_STDINT_H
| # include <stdint.h>
| #endif
| #ifdef HAVE_UNISTD_H
| # include <unistd.h>
| #endif
| int
| main ()
| {
| if (sizeof ((off_t)))
| 	    return 0;
|   ;
|   return 0;
| }
configure:9778: result: yes
configure:9789: checking for size_t
configure:9789: gcc -c -g -O2 -fdebug-prefix-map=/home/fzx/temp/ukui-media/ukui-media=. -fstack-protector-strong -Wformat -Werror=format-security -Wdate-time -D_FORTIFY_SOURCE=2 conftest.c >&5
configure:9789: $? = 0
configure:9789: gcc -c -g -O2 -fdebug-prefix-map=/home/fzx/temp/ukui-media/ukui-media=. -fstack-protector-strong -Wformat -Werror=format-security -Wdate-time -D_FORTIFY_SOURCE=2 conftest.c >&5
conftest.c: In function 'main':
conftest.c:62:21: error: expected expression before ')' token
 if (sizeof ((size_t)))
                     ^
configure:9789: $? = 1
configure: failed program was:
| /* confdefs.h */
| #define PACKAGE_NAME "ukui-media"
| #define PACKAGE_TARNAME "ukui-media"
| #define PACKAGE_VERSION "1.1.1"
| #define PACKAGE_STRING "ukui-media 1.1.1"
| #define PACKAGE_BUGREPORT "http://www.ukui.org/"
| #define PACKAGE_URL ""
| #define PACKAGE "ukui-media"
| #define VERSION "1.1.1"
| #define STDC_HEADERS 1
| #define HAVE_SYS_TYPES_H 1
| #define HAVE_SYS_STAT_H 1
| #define HAVE_STDLIB_H 1
| #define HAVE_STRING_H 1
| #define HAVE_MEMORY_H 1
| #define HAVE_STRINGS_H 1
| #define HAVE_INTTYPES_H 1
| #define HAVE_STDINT_H 1
| #define HAVE_UNISTD_H 1
| #define HAVE_DLFCN_H 1
| #define LT_OBJDIR ".libs/"
| #define STDC_HEADERS 1
| #define HAVE_STRING_H 1
| #define HAVE_MATH_H 1
| /* end confdefs.h.  */
| #include <stdio.h>
| #ifdef HAVE_SYS_TYPES_H
| # include <sys/types.h>
| #endif
| #ifdef HAVE_SYS_STAT_H
| # include <sys/stat.h>
| #endif
| #ifdef STDC_HEADERS
| # include <stdlib.h>
| # include <stddef.h>
| #else
| # ifdef HAVE_STDLIB_H
| #  include <stdlib.h>
| # endif
| #endif
| #ifdef HAVE_STRING_H
| # if !defined STDC_HEADERS && defined HAVE_MEMORY_H
| #  include <memory.h>
| # endif
| # include <string.h>
| #endif
| #ifdef HAVE_STRINGS_H
| # include <strings.h>
| #endif
| #ifdef HAVE_INTTYPES_H
| # include <inttypes.h>
| #endif
| #ifdef HAVE_STDINT_H
| # include <stdint.h>
| #endif
| #ifdef HAVE_UNISTD_H
| # include <unistd.h>
| #endif
| int
| main ()
| {
| if (sizeof ((size_t)))
| 	    return 0;
|   ;
|   return 0;
| }
configure:9789: result: yes
configure:9863: checking for pkg-config
configure:9881: found /usr/bin/pkg-config
configure:9893: result: /usr/bin/pkg-config
configure:9918: checking pkg-config is at least version 0.9.0
configure:9921: result: yes
configure:9931: checking for VOLUME_CONTROL
configure:9945: $PKG_CONFIG --exists --print-errors "gobject-2.0 >= $GLIB_REQUIRED_VERSION
                  gtk+-3.0 >= $GTK_REQUIRED_VERSION
                  gio-2.0 >= $GIO_REQUIRED_VERSION
                  libcanberra-gtk3 >= $CANBERRA_REQUIRED_VERSION
                  libxml-2.0
                  mate-desktop-2.0 >= $MATE_DESKTOP_REQUIRED_VERSION
                  libmatemixer >= $MATE_MIXER_REQUIRED_VERSION
"
configure:9955: $? = 0
configure:9983: $PKG_CONFIG --exists --print-errors "gobject-2.0 >= $GLIB_REQUIRED_VERSION
                  gtk+-3.0 >= $GTK_REQUIRED_VERSION
                  gio-2.0 >= $GIO_REQUIRED_VERSION
                  libcanberra-gtk3 >= $CANBERRA_REQUIRED_VERSION
                  libxml-2.0
                  mate-desktop-2.0 >= $MATE_DESKTOP_REQUIRED_VERSION
                  libmatemixer >= $MATE_MIXER_REQUIRED_VERSION
"
configure:9993: $? = 0
configure:10079: result: yes
configure:10156: checking for pkg-config
configure:10186: result: /usr/bin/pkg-config
configure:10211: checking pkg-config is at least version 0.16
configure:10214: result: yes
configure:10230: $PKG_CONFIG --exists --print-errors "gio-2.0"
configure:10233: $? = 0
configure:10356: checking locale.h usability
configure:10356: gcc -c -g -O2 -fdebug-prefix-map=/home/fzx/temp/ukui-media/ukui-media=. -fstack-protector-strong -Wformat -Werror=format-security -Wdate-time -D_FORTIFY_SOURCE=2 conftest.c >&5
configure:10356: $? = 0
configure:10356: result: yes
configure:10356: checking locale.h presence
configure:10356: gcc -E -Wdate-time -D_FORTIFY_SOURCE=2 conftest.c
configure:10356: $? = 0
configure:10356: result: yes
configure:10356: checking for locale.h
configure:10356: result: yes
configure:10367: checking for LC_MESSAGES
configure:10383: gcc -o conftest -g -O2 -fdebug-prefix-map=/home/fzx/temp/ukui-media/ukui-media=. -fstack-protector-strong -Wformat -Werror=format-security -Wdate-time -D_FORTIFY_SOURCE=2 -Wl,-Bsymbolic-functions -Wl,-z,relro -Wl,-z,now conftest.c  >&5
configure:10383: $? = 0
configure:10391: result: yes
configure:10409: checking for CFPreferencesCopyAppValue
configure:10427: gcc -o conftest -g -O2 -fdebug-prefix-map=/home/fzx/temp/ukui-media/ukui-media=. -fstack-protector-strong -Wformat -Werror=format-security -Wdate-time -D_FORTIFY_SOURCE=2 -Wl,-Bsymbolic-functions -Wl,-z,relro -Wl,-z,now conftest.c  -Wl,-framework -Wl,CoreFoundation >&5
conftest.c:29:10: fatal error: CoreFoundation/CFPreferences.h: No such file or directory
 #include <CoreFoundation/CFPreferences.h>
          ^~~~~~~~~~~~~~~~~~~~~~~~~~~~~~~~
compilation terminated.
configure:10427: $? = 1
configure: failed program was:
| /* confdefs.h */
| #define PACKAGE_NAME "ukui-media"
| #define PACKAGE_TARNAME "ukui-media"
| #define PACKAGE_VERSION "1.1.1"
| #define PACKAGE_STRING "ukui-media 1.1.1"
| #define PACKAGE_BUGREPORT "http://www.ukui.org/"
| #define PACKAGE_URL ""
| #define PACKAGE "ukui-media"
| #define VERSION "1.1.1"
| #define STDC_HEADERS 1
| #define HAVE_SYS_TYPES_H 1
| #define HAVE_SYS_STAT_H 1
| #define HAVE_STDLIB_H 1
| #define HAVE_STRING_H 1
| #define HAVE_MEMORY_H 1
| #define HAVE_STRINGS_H 1
| #define HAVE_INTTYPES_H 1
| #define HAVE_STDINT_H 1
| #define HAVE_UNISTD_H 1
| #define HAVE_DLFCN_H 1
| #define LT_OBJDIR ".libs/"
| #define STDC_HEADERS 1
| #define HAVE_STRING_H 1
| #define HAVE_MATH_H 1
| #define GETTEXT_PACKAGE "ukui-media"
| #define HAVE_LOCALE_H 1
| #define HAVE_LC_MESSAGES 1
| /* end confdefs.h.  */
| #include <CoreFoundation/CFPreferences.h>
| int
| main ()
| {
| CFPreferencesCopyAppValue(NULL, NULL)
|   ;
|   return 0;
| }
configure:10436: result: no
configure:10443: checking for CFLocaleCopyCurrent
configure:10461: gcc -o conftest -g -O2 -fdebug-prefix-map=/home/fzx/temp/ukui-media/ukui-media=. -fstack-protector-strong -Wformat -Werror=format-security -Wdate-time -D_FORTIFY_SOURCE=2 -Wl,-Bsymbolic-functions -Wl,-z,relro -Wl,-z,now conftest.c  -Wl,-framework -Wl,CoreFoundation >&5
conftest.c:29:10: fatal error: CoreFoundation/CFLocale.h: No such file or directory
 #include <CoreFoundation/CFLocale.h>
          ^~~~~~~~~~~~~~~~~~~~~~~~~~~
compilation terminated.
configure:10461: $? = 1
configure: failed program was:
| /* confdefs.h */
| #define PACKAGE_NAME "ukui-media"
| #define PACKAGE_TARNAME "ukui-media"
| #define PACKAGE_VERSION "1.1.1"
| #define PACKAGE_STRING "ukui-media 1.1.1"
| #define PACKAGE_BUGREPORT "http://www.ukui.org/"
| #define PACKAGE_URL ""
| #define PACKAGE "ukui-media"
| #define VERSION "1.1.1"
| #define STDC_HEADERS 1
| #define HAVE_SYS_TYPES_H 1
| #define HAVE_SYS_STAT_H 1
| #define HAVE_STDLIB_H 1
| #define HAVE_STRING_H 1
| #define HAVE_MEMORY_H 1
| #define HAVE_STRINGS_H 1
| #define HAVE_INTTYPES_H 1
| #define HAVE_STDINT_H 1
| #define HAVE_UNISTD_H 1
| #define HAVE_DLFCN_H 1
| #define LT_OBJDIR ".libs/"
| #define STDC_HEADERS 1
| #define HAVE_STRING_H 1
| #define HAVE_MATH_H 1
| #define GETTEXT_PACKAGE "ukui-media"
| #define HAVE_LOCALE_H 1
| #define HAVE_LC_MESSAGES 1
| /* end confdefs.h.  */
| #include <CoreFoundation/CFLocale.h>
| int
| main ()
| {
| CFLocaleCopyCurrent();
|   ;
|   return 0;
| }
configure:10470: result: no
configure:10484: checking libintl.h usability
configure:10484: gcc -c -g -O2 -fdebug-prefix-map=/home/fzx/temp/ukui-media/ukui-media=. -fstack-protector-strong -Wformat -Werror=format-security -Wdate-time -D_FORTIFY_SOURCE=2 conftest.c >&5
configure:10484: $? = 0
configure:10484: result: yes
configure:10484: checking libintl.h presence
configure:10484: gcc -E -Wdate-time -D_FORTIFY_SOURCE=2 conftest.c
configure:10484: $? = 0
configure:10484: result: yes
configure:10484: checking for libintl.h
configure:10484: result: yes
configure:10492: checking for ngettext in libc
configure:10510: gcc -o conftest -g -O2 -fdebug-prefix-map=/home/fzx/temp/ukui-media/ukui-media=. -fstack-protector-strong -Wformat -Werror=format-security -Wdate-time -D_FORTIFY_SOURCE=2 -Wl,-Bsymbolic-functions -Wl,-z,relro -Wl,-z,now conftest.c  >&5
configure:10510: $? = 0
configure:10519: result: yes
configure:10523: checking for dgettext in libc
configure:10541: gcc -o conftest -g -O2 -fdebug-prefix-map=/home/fzx/temp/ukui-media/ukui-media=. -fstack-protector-strong -Wformat -Werror=format-security -Wdate-time -D_FORTIFY_SOURCE=2 -Wl,-Bsymbolic-functions -Wl,-z,relro -Wl,-z,now conftest.c  >&5
configure:10541: $? = 0
configure:10550: result: yes
configure:10557: checking for bind_textdomain_codeset
configure:10557: gcc -o conftest -g -O2 -fdebug-prefix-map=/home/fzx/temp/ukui-media/ukui-media=. -fstack-protector-strong -Wformat -Werror=format-security -Wdate-time -D_FORTIFY_SOURCE=2 -Wl,-Bsymbolic-functions -Wl,-z,relro -Wl,-z,now conftest.c  >&5
configure:10557: $? = 0
configure:10557: result: yes
configure:10833: checking for msgfmt
configure:10860: result: /usr/bin/msgfmt
configure:10871: checking for dcgettext
configure:10871: gcc -o conftest -g -O2 -fdebug-prefix-map=/home/fzx/temp/ukui-media/ukui-media=. -fstack-protector-strong -Wformat -Werror=format-security -Wdate-time -D_FORTIFY_SOURCE=2 -Wl,-Bsymbolic-functions -Wl,-z,relro -Wl,-z,now conftest.c   >&5
conftest.c:54:6: warning: conflicting types for built-in function 'dcgettext' [-Wbuiltin-declaration-mismatch]
 char dcgettext ();
      ^~~~~~~~~
configure:10871: $? = 0
configure:10871: result: yes
configure:10881: checking if msgfmt accepts -c
configure:10896: $MSGFMT -c -o /dev/null conftest.foo
conftest.foo:3: warning: header field 'Language' missing in header
configure:10899: $? = 0
configure:10901: result: yes
configure:10911: checking for gmsgfmt
configure:10942: result: /usr/bin/msgfmt
configure:10952: checking for xgettext
configure:10979: result: /usr/bin/xgettext
configure:10998: gcc -o conftest -g -O2 -fdebug-prefix-map=/home/fzx/temp/ukui-media/ukui-media=. -fstack-protector-strong -Wformat -Werror=format-security -Wdate-time -D_FORTIFY_SOURCE=2 -Wl,-Bsymbolic-functions -Wl,-z,relro -Wl,-z,now conftest.c   >&5
configure:10998: $? = 0
configure:11150: checking whether make supports nested variables
configure:11167: result: yes
configure:11226: checking whether gcc understands -Wno-sign-compare
configure:11239: gcc -c -Wall -Wmissing-prototypes -Wnested-externs -Wpointer-arith -g -O2 -fdebug-prefix-map=/home/fzx/temp/ukui-media/ukui-media=. -fstack-protector-strong -Wformat -Werror=format-security -Wno-sign-compare -Wdate-time -D_FORTIFY_SOURCE=2 conftest.c >&5
configure:11239: $? = 0
configure:11246: result: yes
configure:11264: checking what warning flags to pass to the C compiler
configure:11266: result: -Wall -Wmissing-prototypes -Wnested-externs -Wpointer-arith -Wno-sign-compare
configure:11277: checking what language compliance flags to pass to the C compiler
configure:11292: result: 
configure:11328: checking for more warnings
configure:11331: result: yes
configure:11343: checking whether gcc understands -Wno-unused-parameter
configure:11356: gcc -c         -Wall         -Wchar-subscripts -Wmissing-declarations -Wmissing-prototypes         -Wnested-externs -Wpointer-arith         -Wcast-align -Wsign-compare         -g -O2 -fdebug-prefix-map=/home/fzx/temp/ukui-media/ukui-media=. -fstack-protector-strong -Wformat -Werror=format-security -Wno-unused-parameter -Wdate-time -D_FORTIFY_SOURCE=2 conftest.c >&5
configure:11356: $? = 0
configure:11365: result: yes
configure:11343: checking whether gcc understands -Wno-strict-aliasing
configure:11356: gcc -c         -Wall         -Wchar-subscripts -Wmissing-declarations -Wmissing-prototypes         -Wnested-externs -Wpointer-arith         -Wcast-align -Wsign-compare         -g -O2 -fdebug-prefix-map=/home/fzx/temp/ukui-media/ukui-media=. -fstack-protector-strong -Wformat -Werror=format-security -Wno-unused-parameter -Wno-strict-aliasing -Wdate-time -D_FORTIFY_SOURCE=2 conftest.c >&5
configure:11356: $? = 0
configure:11365: result: yes
configure:11343: checking whether gcc understands -Wno-sign-compare
configure:11356: gcc -c         -Wall         -Wchar-subscripts -Wmissing-declarations -Wmissing-prototypes         -Wnested-externs -Wpointer-arith         -Wcast-align -Wsign-compare         -g -O2 -fdebug-prefix-map=/home/fzx/temp/ukui-media/ukui-media=. -fstack-protector-strong -Wformat -Werror=format-security -Wno-unused-parameter -Wno-strict-aliasing -Wno-sign-compare -Wdate-time -D_FORTIFY_SOURCE=2 conftest.c >&5
configure:11356: $? = 0
configure:11365: result: yes
configure:11481: checking that generated files are newer than configure
configure:11487: result: done
configure:11518: creating ./config.status

## ---------------------- ##
## Running config.status. ##
## ---------------------- ##

This file was extended by ukui-media config.status 1.1.1, which was
generated by GNU Autoconf 2.69.  Invocation command line was

  CONFIG_FILES    = 
  CONFIG_HEADERS  = 
  CONFIG_LINKS    = 
  CONFIG_COMMANDS = 
  $ ./config.status 

on fzx-QiTianM425-N000

config.status:1243: creating Makefile
config.status:1243: creating data/Makefile
config.status:1243: creating data/ukui-volume-control.desktop.in
config.status:1243: creating data/icons/Makefile
config.status:1243: creating data/icons/16x16/Makefile
config.status:1243: creating data/icons/16x16/status/Makefile
config.status:1243: creating data/icons/22x22/Makefile
config.status:1243: creating data/icons/22x22/status/Makefile
config.status:1243: creating data/icons/24x24/Makefile
config.status:1243: creating data/icons/24x24/status/Makefile
config.status:1243: creating data/icons/32x32/Makefile
config.status:1243: creating data/icons/32x32/status/Makefile
config.status:1243: creating data/icons/scalable/Makefile
config.status:1243: creating data/icons/scalable/devices/Makefile
config.status:1243: creating data/icons/scalable/status/Makefile
config.status:1243: creating data/sounds/Makefile
config.status:1243: creating man/Makefile
config.status:1243: creating po/Makefile.in
config.status:1243: creating ukui-volume-control/Makefile
config.status:1243: creating config.h
config.status:1472: executing depfiles commands
config.status:1472: executing libtool commands
config.status:1472: executing default-1 commands
config.status:1472: executing po/stamp-it commands

## ---------------- ##
## Cache variables. ##
## ---------------- ##

ac_cv_build=x86_64-pc-linux-gnu
ac_cv_c_compiler_gnu=yes
ac_cv_c_const=yes
ac_cv_c_inline=inline
ac_cv_env_CC_set=
ac_cv_env_CC_value=
ac_cv_env_CFLAGS_set=set
ac_cv_env_CFLAGS_value='-g -O2 -fdebug-prefix-map=/home/fzx/temp/ukui-media/ukui-media=. -fstack-protector-strong -Wformat -Werror=format-security'
ac_cv_env_CPPFLAGS_set=set
ac_cv_env_CPPFLAGS_value='-Wdate-time -D_FORTIFY_SOURCE=2'
ac_cv_env_CPP_set=
ac_cv_env_CPP_value=
ac_cv_env_GLIB_COMPILE_SCHEMAS_set=
ac_cv_env_GLIB_COMPILE_SCHEMAS_value=
ac_cv_env_LDFLAGS_set=set
ac_cv_env_LDFLAGS_value='-Wl,-Bsymbolic-functions -Wl,-z,relro -Wl,-z,now'
ac_cv_env_LIBS_set=
ac_cv_env_LIBS_value=
ac_cv_env_LT_SYS_LIBRARY_PATH_set=
ac_cv_env_LT_SYS_LIBRARY_PATH_value=
ac_cv_env_PKG_CONFIG_LIBDIR_set=
ac_cv_env_PKG_CONFIG_LIBDIR_value=
ac_cv_env_PKG_CONFIG_PATH_set=
ac_cv_env_PKG_CONFIG_PATH_value=
ac_cv_env_PKG_CONFIG_set=
ac_cv_env_PKG_CONFIG_value=
ac_cv_env_VOLUME_CONTROL_CFLAGS_set=
ac_cv_env_VOLUME_CONTROL_CFLAGS_value=
ac_cv_env_VOLUME_CONTROL_LIBS_set=
ac_cv_env_VOLUME_CONTROL_LIBS_value=
ac_cv_env_build_alias_set=set
ac_cv_env_build_alias_value=x86_64-linux-gnu
ac_cv_env_host_alias_set=
ac_cv_env_host_alias_value=
ac_cv_env_target_alias_set=
ac_cv_env_target_alias_value=
ac_cv_func_bind_textdomain_codeset=yes
ac_cv_func_dcgettext=yes
ac_cv_header_dlfcn_h=yes
ac_cv_header_inttypes_h=yes
ac_cv_header_libintl_h=yes
ac_cv_header_locale_h=yes
ac_cv_header_math_h=yes
ac_cv_header_memory_h=yes
ac_cv_header_stdc=yes
ac_cv_header_stdint_h=yes
ac_cv_header_stdlib_h=yes
ac_cv_header_string_h=yes
ac_cv_header_strings_h=yes
ac_cv_header_sys_stat_h=yes
ac_cv_header_sys_types_h=yes
ac_cv_header_unistd_h=yes
ac_cv_host=x86_64-pc-linux-gnu
ac_cv_objext=o
ac_cv_path_EGREP='/usr/bin/grep -E'
ac_cv_path_FGREP='/usr/bin/grep -F'
ac_cv_path_GMSGFMT=/usr/bin/msgfmt
ac_cv_path_GREP=/usr/bin/grep
ac_cv_path_INTLTOOL_EXTRACT=/usr/bin/intltool-extract
ac_cv_path_INTLTOOL_MERGE=/usr/bin/intltool-merge
ac_cv_path_INTLTOOL_PERL=/usr/bin/perl
ac_cv_path_INTLTOOL_UPDATE=/usr/bin/intltool-update
ac_cv_path_MSGFMT=/usr/bin/msgfmt
ac_cv_path_MSGMERGE=/usr/bin/msgmerge
ac_cv_path_SED=/usr/bin/sed
ac_cv_path_XGETTEXT=/usr/bin/xgettext
ac_cv_path_ac_pt_PKG_CONFIG=/usr/bin/pkg-config
ac_cv_path_install='/usr/bin/install -c'
ac_cv_path_lt_DD=/usr/bin/dd
ac_cv_path_mkdir=/usr/bin/mkdir
ac_cv_prog_AWK=mawk
ac_cv_prog_CPP='gcc -E'
ac_cv_prog_ac_ct_AR=ar
ac_cv_prog_ac_ct_CC=gcc
ac_cv_prog_ac_ct_MANIFEST_TOOL=mt
ac_cv_prog_ac_ct_OBJDUMP=objdump
ac_cv_prog_ac_ct_RANLIB=ranlib
ac_cv_prog_ac_ct_STRIP=strip
ac_cv_prog_cc_c89=
ac_cv_prog_cc_g=yes
ac_cv_prog_make_make_set=yes
ac_cv_type_off_t=yes
ac_cv_type_size_t=yes
am_cv_CC_dependencies_compiler_type=none
am_cv_make_support_nested_variables=yes
am_cv_prog_cc_c_o=yes
am_cv_prog_tar_pax=gnutar
am_cv_val_LC_MESSAGES=yes
gt_cv_func_CFLocaleCopyCurrent=no
gt_cv_func_CFPreferencesCopyAppValue=no
gt_cv_func_dgettext_libc=yes
gt_cv_func_dgettext_libintl=no
gt_cv_func_ngettext_libc=yes
gt_cv_have_gettext=yes
lt_cv_ar_at_file=@
lt_cv_archive_cmds_need_lc=no
lt_cv_deplibs_check_method=pass_all
lt_cv_file_magic_cmd='$MAGIC_CMD'
lt_cv_file_magic_test_file=
lt_cv_ld_reload_flag=-r
lt_cv_nm_interface='BSD nm'
lt_cv_objdir=.libs
lt_cv_path_LD=/usr/bin/ld
lt_cv_path_NM='/usr/bin/nm -B'
lt_cv_path_mainfest_tool=no
lt_cv_prog_compiler_c_o=yes
lt_cv_prog_compiler_pic='-fPIC -DPIC'
lt_cv_prog_compiler_pic_works=yes
lt_cv_prog_compiler_rtti_exceptions=no
lt_cv_prog_compiler_static_works=yes
lt_cv_prog_gnu_ld=yes
lt_cv_sharedlib_from_linklib_cmd='printf %s\n'
lt_cv_shlibpath_overrides_runpath=yes
lt_cv_sys_global_symbol_pipe='sed -n -e '\''s/^.*[	 ]\([ABCDGIRSTW][ABCDGIRSTW]*\)[	 ][	 ]*\([_A-Za-z][_A-Za-z0-9]*\)$/\1 \2 \2/p'\'' | sed '\''/ __gnu_lto/d'\'''
lt_cv_sys_global_symbol_to_c_name_address='sed -n -e '\''s/^: \(.*\) .*$/  {"\1", (void *) 0},/p'\'' -e '\''s/^[ABCDGIRSTW][ABCDGIRSTW]* .* \(.*\)$/  {"\1", (void *) \&\1},/p'\'''
lt_cv_sys_global_symbol_to_c_name_address_lib_prefix='sed -n -e '\''s/^: \(.*\) .*$/  {"\1", (void *) 0},/p'\'' -e '\''s/^[ABCDGIRSTW][ABCDGIRSTW]* .* \(lib.*\)$/  {"\1", (void *) \&\1},/p'\'' -e '\''s/^[ABCDGIRSTW][ABCDGIRSTW]* .* \(.*\)$/  {"lib\1", (void *) \&\1},/p'\'''
lt_cv_sys_global_symbol_to_cdecl='sed -n -e '\''s/^T .* \(.*\)$/extern int \1();/p'\'' -e '\''s/^[ABCDGIRSTW][ABCDGIRSTW]* .* \(.*\)$/extern char \1;/p'\'''
lt_cv_sys_global_symbol_to_import=
lt_cv_sys_max_cmd_len=1572864
lt_cv_to_host_file_cmd=func_convert_file_noop
lt_cv_to_tool_file_cmd=func_convert_file_noop
lt_cv_truncate_bin='/usr/bin/dd bs=4096 count=1'
pkg_cv_GLIB_COMPILE_SCHEMAS=/usr/lib/x86_64-linux-gnu/glib-2.0/glib-compile-schemas
pkg_cv_VOLUME_CONTROL_CFLAGS='-D_REENTRANT -pthread -I/usr/include/libxml2 -I/usr/include/mate-desktop-2.0 -I/usr/include/dconf -I/usr/include/gtk-3.0 -I/usr/include/at-spi2-atk/2.0 -I/usr/include/at-spi-2.0 -I/usr/include/dbus-1.0 -I/usr/lib/x86_64-linux-gnu/dbus-1.0/include -I/usr/include/gtk-3.0 -I/usr/include/gio-unix-2.0 -I/usr/include/cairo -I/usr/include/libdrm -I/usr/include/pango-1.0 -I/usr/include/harfbuzz -I/usr/include/pango-1.0 -I/usr/include/fribidi -I/usr/include/atk-1.0 -I/usr/include/cairo -I/usr/include/pixman-1 -I/usr/include/freetype2 -I/usr/include/libpng16 -I/usr/include/gdk-pixbuf-2.0 -I/usr/include/libmount -I/usr/include/blkid -I/usr/include/uuid -I/usr/include/startup-notification-1.0 -I/usr/include/mate-mixer -I/usr/include/glib-2.0 -I/usr/lib/x86_64-linux-gnu/glib-2.0/include'
pkg_cv_VOLUME_CONTROL_LIBS='-lcanberra-gtk3 -lX11 -lcanberra -lxml2 -lmate-desktop-2 -lgtk-3 -lgdk-3 -lpangocairo-1.0 -lpango-1.0 -latk-1.0 -lcairo-gobject -lcairo -lgdk_pixbuf-2.0 -lgio-2.0 -lstartup-notification-1 -lmatemixer -lgobject-2.0 -Wl,--export-dynamic -lgmodule-2.0 -pthread -lglib-2.0'

## ----------------- ##
## Output variables. ##
## ----------------- ##










		$(INSTALL_DATA) $^ "$(DESTDIR)$(gsettingsschemadir)"; \
		test -n "$(GSETTINGS_DISABLE_SCHEMAS_COMPILE)$(DESTDIR)" || $(GLIB_COMPILE_SCHEMAS) $(gsettingsschemadir); \
		test -z "$(gsettingsschemadir)" || $(MKDIR_P) "$(DESTDIR)$(gsettingsschemadir)"; \
	$(AM_V_GEN) $(GLIB_COMPILE_SCHEMAS) --strict --dry-run $(addprefix --schema-file=,$(gsettings__enum_file)) --schema-file=$< && mkdir -p $(@D) && touch $@
	$(AM_V_GEN) glib-mkenums --comments '\''<!-- @comment@ -->'\'' --fhead "<schemalist>" --vhead "  <@type@ id='\''$(gsettings_ENUM_NAMESPACE).@EnumName@'\''>" --vprod "    <value nick='\''@valuenick@'\'' value='\''@valuenum@'\''/>" --vtail "  </@type@>" --ftail "</schemalist>" $^ > $@.tmp && mv $@.tmp $@
	@$(NORMAL_INSTALL)
	@$(NORMAL_UNINSTALL)
	@list='\''$(gsettings_SCHEMAS) $(gsettings__enum_file)'\''; test -n "$(gsettingsschemadir)" || list=; \
	cd "$(DESTDIR)$(gsettingsschemadir)" && rm -f $$files
	echo " ( cd '\''$(DESTDIR)$(gsettingsschemadir)'\'' && rm -f" $$files ")"; \
	fi
	files=`for p in $$list; do echo $$p; done | sed -e '\''s|^.*/||'\''`; \
	if test -n "$^"; then \
	rm -f $(gsettings_SCHEMAS:.xml=.valid) $(gsettings__enum_file)
	test -n "$$files" || exit 0; \
	test -n "$(GSETTINGS_DISABLE_SCHEMAS_COMPILE)$(DESTDIR)" || $(GLIB_COMPILE_SCHEMAS) $(gsettingsschemadir)
$(gsettings__enum_file): $(gsettings_ENUM_FILES)
%.gschema.valid: %.gschema.xml $(gsettings__enum_file)
.PHONY : uninstall-gsettings-schemas install-gsettings-schemas clean-gsettings-schemas
.SECONDARY: $(gsettings_SCHEMAS)
ACLOCAL='${SHELL} /home/fzx/temp/ukui-media/ukui-media/build-aux/missing aclocal-1.16'
ALL_LINGUAS=''
AMDEPBACKSLASH=''
AMDEP_FALSE=''
AMDEP_TRUE='#'
AMTAR='$${TAR-tar}'
AM_BACKSLASH='\'
AM_DEFAULT_V='$(AM_DEFAULT_VERBOSITY)'
AM_DEFAULT_VERBOSITY='1'
AM_V='$(V)'
AR='ar'
AUTOCONF='${SHELL} /home/fzx/temp/ukui-media/ukui-media/build-aux/missing autoconf'
AUTOHEADER='${SHELL} /home/fzx/temp/ukui-media/ukui-media/build-aux/missing autoheader'
AUTOMAKE='${SHELL} /home/fzx/temp/ukui-media/ukui-media/build-aux/missing automake-1.16'
AWK='mawk'
CATALOGS=''
CATOBJEXT='.gmo'
CC='gcc'
CCDEPMODE='depmode=none'
CFLAGS='        -Wall         -Wchar-subscripts -Wmissing-declarations -Wmissing-prototypes         -Wnested-externs -Wpointer-arith         -Wcast-align -Wsign-compare         -g -O2 -fdebug-prefix-map=/home/fzx/temp/ukui-media/ukui-media=. -fstack-protector-strong -Wformat -Werror=format-security -Wno-unused-parameter -Wno-strict-aliasing -Wno-sign-compare'
CPP='gcc -E'
CPPFLAGS='-Wdate-time -D_FORTIFY_SOURCE=2'
CYGPATH_W='echo'
DATADIRNAME='share'
DEFS='-DHAVE_CONFIG_H'
DEPDIR='.deps'
DISABLE_DEPRECATED=''
DLLTOOL='false'
DSYMUTIL=''
DUMPBIN=''
ECHO_C=''
ECHO_N='-n'
ECHO_T=''
EGREP='/usr/bin/grep -E'
EXEEXT=''
FGREP='/usr/bin/grep -F'
GETTEXT_PACKAGE='ukui-media'
GLIB_COMPILE_SCHEMAS='/usr/lib/x86_64-linux-gnu/glib-2.0/glib-compile-schemas'
GMOFILES=''
GMSGFMT='/usr/bin/msgfmt'
GREP='/usr/bin/grep'
GSETTINGS_DISABLE_SCHEMAS_COMPILE=''
GSETTINGS_RULES='
INSTALL_DATA='${INSTALL} -m 644'
INSTALL_PROGRAM='${INSTALL}'
INSTALL_SCRIPT='${INSTALL}'
INSTALL_STRIP_PROGRAM='$(install_sh) -c -s'
INSTOBJEXT='.mo'
INTLLIBS=''
INTLTOOL_CAVES_RULE='%.caves:     %.caves.in     $(INTLTOOL_MERGE) $(wildcard $(top_srcdir)/po/*.po) ; $(INTLTOOL_V_MERGE)LC_ALL=C $(INTLTOOL_MERGE) $(INTLTOOL_V_MERGE_OPTIONS) -d -u -c $(top_builddir)/po/.intltool-merge-cache $(top_srcdir)/po $< $@'
INTLTOOL_DESKTOP_RULE='%.desktop:   %.desktop.in   $(INTLTOOL_MERGE) $(wildcard $(top_srcdir)/po/*.po) ; $(INTLTOOL_V_MERGE)LC_ALL=C $(INTLTOOL_MERGE) $(INTLTOOL_V_MERGE_OPTIONS) -d -u -c $(top_builddir)/po/.intltool-merge-cache $(top_srcdir)/po $< $@'
INTLTOOL_DIRECTORY_RULE='%.directory: %.directory.in $(INTLTOOL_MERGE) $(wildcard $(top_srcdir)/po/*.po) ; $(INTLTOOL_V_MERGE)LC_ALL=C $(INTLTOOL_MERGE) $(INTLTOOL_V_MERGE_OPTIONS) -d -u -c $(top_builddir)/po/.intltool-merge-cache $(top_srcdir)/po $< $@'
INTLTOOL_EXTRACT='/usr/bin/intltool-extract'
INTLTOOL_KBD_RULE='%.kbd:       %.kbd.in       $(INTLTOOL_MERGE) $(wildcard $(top_srcdir)/po/*.po) ; $(INTLTOOL_V_MERGE)LC_ALL=C $(INTLTOOL_MERGE) $(INTLTOOL_V_MERGE_OPTIONS) -x -u -m -c $(top_builddir)/po/.intltool-merge-cache $(top_srcdir)/po $< $@'
INTLTOOL_KEYS_RULE='%.keys:      %.keys.in      $(INTLTOOL_MERGE) $(wildcard $(top_srcdir)/po/*.po) ; $(INTLTOOL_V_MERGE)LC_ALL=C $(INTLTOOL_MERGE) $(INTLTOOL_V_MERGE_OPTIONS) -k -u -c $(top_builddir)/po/.intltool-merge-cache $(top_srcdir)/po $< $@'
INTLTOOL_MERGE='/usr/bin/intltool-merge'
INTLTOOL_OAF_RULE='%.oaf:       %.oaf.in       $(INTLTOOL_MERGE) $(wildcard $(top_srcdir)/po/*.po) ; $(INTLTOOL_V_MERGE)LC_ALL=C $(INTLTOOL_MERGE) $(INTLTOOL_V_MERGE_OPTIONS) -o -p $(top_srcdir)/po $< $@'
INTLTOOL_PERL='/usr/bin/perl'
INTLTOOL_POLICY_RULE='%.policy:    %.policy.in    $(INTLTOOL_MERGE) $(wildcard $(top_srcdir)/po/*.po) ; $(INTLTOOL_V_MERGE)LC_ALL=C $(INTLTOOL_MERGE) $(INTLTOOL_V_MERGE_OPTIONS) -x -u -c $(top_builddir)/po/.intltool-merge-cache $(top_srcdir)/po $< $@'
INTLTOOL_PONG_RULE='%.pong:      %.pong.in      $(INTLTOOL_MERGE) $(wildcard $(top_srcdir)/po/*.po) ; $(INTLTOOL_V_MERGE)LC_ALL=C $(INTLTOOL_MERGE) $(INTLTOOL_V_MERGE_OPTIONS) -x -u -c $(top_builddir)/po/.intltool-merge-cache $(top_srcdir)/po $< $@'
INTLTOOL_PROP_RULE='%.prop:      %.prop.in      $(INTLTOOL_MERGE) $(wildcard $(top_srcdir)/po/*.po) ; $(INTLTOOL_V_MERGE)LC_ALL=C $(INTLTOOL_MERGE) $(INTLTOOL_V_MERGE_OPTIONS) -d -u -c $(top_builddir)/po/.intltool-merge-cache $(top_srcdir)/po $< $@'
INTLTOOL_SCHEMAS_RULE='%.schemas:   %.schemas.in   $(INTLTOOL_MERGE) $(wildcard $(top_srcdir)/po/*.po) ; $(INTLTOOL_V_MERGE)LC_ALL=C $(INTLTOOL_MERGE) $(INTLTOOL_V_MERGE_OPTIONS) -s -u -c $(top_builddir)/po/.intltool-merge-cache $(top_srcdir)/po $< $@'
INTLTOOL_SERVER_RULE='%.server:    %.server.in    $(INTLTOOL_MERGE) $(wildcard $(top_srcdir)/po/*.po) ; $(INTLTOOL_V_MERGE)LC_ALL=C $(INTLTOOL_MERGE) $(INTLTOOL_V_MERGE_OPTIONS) -o -u -c $(top_builddir)/po/.intltool-merge-cache $(top_srcdir)/po $< $@'
INTLTOOL_SERVICE_RULE='%.service: %.service.in   $(INTLTOOL_MERGE) $(wildcard $(top_srcdir)/po/*.po) ; $(INTLTOOL_V_MERGE)LC_ALL=C $(INTLTOOL_MERGE) $(INTLTOOL_V_MERGE_OPTIONS) -d -u -c $(top_builddir)/po/.intltool-merge-cache $(top_srcdir)/po $< $@'
INTLTOOL_SHEET_RULE='%.sheet:     %.sheet.in     $(INTLTOOL_MERGE) $(wildcard $(top_srcdir)/po/*.po) ; $(INTLTOOL_V_MERGE)LC_ALL=C $(INTLTOOL_MERGE) $(INTLTOOL_V_MERGE_OPTIONS) -x -u -c $(top_builddir)/po/.intltool-merge-cache $(top_srcdir)/po $< $@'
INTLTOOL_SOUNDLIST_RULE='%.soundlist: %.soundlist.in $(INTLTOOL_MERGE) $(wildcard $(top_srcdir)/po/*.po) ; $(INTLTOOL_V_MERGE)LC_ALL=C $(INTLTOOL_MERGE) $(INTLTOOL_V_MERGE_OPTIONS) -d -u -c $(top_builddir)/po/.intltool-merge-cache $(top_srcdir)/po $< $@'
INTLTOOL_THEME_RULE='%.theme:     %.theme.in     $(INTLTOOL_MERGE) $(wildcard $(top_srcdir)/po/*.po) ; $(INTLTOOL_V_MERGE)LC_ALL=C $(INTLTOOL_MERGE) $(INTLTOOL_V_MERGE_OPTIONS) -d -u -c $(top_builddir)/po/.intltool-merge-cache $(top_srcdir)/po $< $@'
INTLTOOL_UI_RULE='%.ui:        %.ui.in        $(INTLTOOL_MERGE) $(wildcard $(top_srcdir)/po/*.po) ; $(INTLTOOL_V_MERGE)LC_ALL=C $(INTLTOOL_MERGE) $(INTLTOOL_V_MERGE_OPTIONS) -x -u -c $(top_builddir)/po/.intltool-merge-cache $(top_srcdir)/po $< $@'
INTLTOOL_UPDATE='/usr/bin/intltool-update'
INTLTOOL_V_MERGE='$(INTLTOOL__v_MERGE_$(V))'
INTLTOOL_V_MERGE_OPTIONS='$(intltool__v_merge_options_$(V))'
INTLTOOL_XAM_RULE='%.xam:       %.xml.in       $(INTLTOOL_MERGE) $(wildcard $(top_srcdir)/po/*.po) ; $(INTLTOOL_V_MERGE)LC_ALL=C $(INTLTOOL_MERGE) $(INTLTOOL_V_MERGE_OPTIONS) -x -u -c $(top_builddir)/po/.intltool-merge-cache $(top_srcdir)/po $< $@'
INTLTOOL_XML_NOMERGE_RULE='%.xml:       %.xml.in       $(INTLTOOL_MERGE) ; $(INTLTOOL_V_MERGE)LC_ALL=C $(INTLTOOL_MERGE) $(INTLTOOL_V_MERGE_OPTIONS) -x -u --no-translations $< $@'
INTLTOOL_XML_RULE='%.xml:       %.xml.in       $(INTLTOOL_MERGE) $(wildcard $(top_srcdir)/po/*.po) ; $(INTLTOOL_V_MERGE)LC_ALL=C $(INTLTOOL_MERGE) $(INTLTOOL_V_MERGE_OPTIONS) -x -u -c $(top_builddir)/po/.intltool-merge-cache $(top_srcdir)/po $< $@'
INTLTOOL__v_MERGE_0='@echo "  ITMRG " $@;'
INTLTOOL__v_MERGE_='$(INTLTOOL__v_MERGE_$(AM_DEFAULT_VERBOSITY))'
INTL_MACOSX_LIBS=''
LD='/usr/bin/ld -m elf_x86_64'
LDFLAGS='-Wl,-Bsymbolic-functions -Wl,-z,relro -Wl,-z,now'
LIBOBJS=''
LIBS=''
LIBTOOL='$(SHELL) $(top_builddir)/libtool'
LIPO=''
LN_S='ln -s'
LTLIBOBJS=''
LT_SYS_LIBRARY_PATH=''
MAINT='#'
MAINTAINER_MODE_FALSE=''
MAINTAINER_MODE_TRUE='#'
MAKEINFO='${SHELL} /home/fzx/temp/ukui-media/ukui-media/build-aux/missing makeinfo'
MANIFEST_TOOL=':'
MKDIR_P='/usr/bin/mkdir -p'
MKINSTALLDIRS='build-aux/mkinstalldirs'
MSGFMT='/usr/bin/msgfmt'
MSGFMT_OPTS='-c'
MSGMERGE='/usr/bin/msgmerge'
NM='/usr/bin/nm -B'
NMEDIT=''
OBJDUMP='objdump'
OBJEXT='o'
OTOOL64=''
OTOOL=''
PACKAGE='ukui-media'
PACKAGE_BUGREPORT='http://www.ukui.org/'
PACKAGE_NAME='ukui-media'
PACKAGE_STRING='ukui-media 1.1.1'
PACKAGE_TARNAME='ukui-media'
PACKAGE_URL=''
PACKAGE_VERSION='1.1.1'
PATH_SEPARATOR=':'
PKG_CONFIG='/usr/bin/pkg-config'
PKG_CONFIG_LIBDIR=''
PKG_CONFIG_PATH=''
POFILES=''
POSUB='po'
PO_IN_DATADIR_FALSE=''
PO_IN_DATADIR_TRUE=''
RANLIB='ranlib'
SED='/usr/bin/sed'
SET_MAKE=''
SHELL='/bin/bash'
STRIP='strip'
USE_NLS='yes'
VERSION='1.1.1'
VOLUME_CONTROL_CFLAGS='-D_REENTRANT -pthread -I/usr/include/libxml2 -I/usr/include/mate-desktop-2.0 -I/usr/include/dconf -I/usr/include/gtk-3.0 -I/usr/include/at-spi2-atk/2.0 -I/usr/include/at-spi-2.0 -I/usr/include/dbus-1.0 -I/usr/lib/x86_64-linux-gnu/dbus-1.0/include -I/usr/include/gtk-3.0 -I/usr/include/gio-unix-2.0 -I/usr/include/cairo -I/usr/include/libdrm -I/usr/include/pango-1.0 -I/usr/include/harfbuzz -I/usr/include/pango-1.0 -I/usr/include/fribidi -I/usr/include/atk-1.0 -I/usr/include/cairo -I/usr/include/pixman-1 -I/usr/include/freetype2 -I/usr/include/libpng16 -I/usr/include/gdk-pixbuf-2.0 -I/usr/include/libmount -I/usr/include/blkid -I/usr/include/uuid -I/usr/include/startup-notification-1.0 -I/usr/include/mate-mixer -I/usr/include/glib-2.0 -I/usr/lib/x86_64-linux-gnu/glib-2.0/include'
VOLUME_CONTROL_LIBS='-lcanberra-gtk3 -lX11 -lcanberra -lxml2 -lmate-desktop-2 -lgtk-3 -lgdk-3 -lpangocairo-1.0 -lpango-1.0 -latk-1.0 -lcairo-gobject -lcairo -lgdk_pixbuf-2.0 -lgio-2.0 -lstartup-notification-1 -lmatemixer -lgobject-2.0 -Wl,--export-dynamic -lgmodule-2.0 -pthread -lglib-2.0'
WARN_CFLAGS='-Wall -Wmissing-prototypes -Wnested-externs -Wpointer-arith -Wno-sign-compare '
XGETTEXT='/usr/bin/xgettext'
ac_ct_AR='ar'
ac_ct_CC='gcc'
ac_ct_DUMPBIN=''
all-am: $(gsettings_SCHEMAS:.xml=.valid)
am__EXEEXT_FALSE=''
am__EXEEXT_TRUE='#'
am__fastdepCC_FALSE=''
am__fastdepCC_TRUE='#'
am__include='include'
am__isrc=''
am__leading_dot='.'
am__nodep=''
am__quote=''
am__tar='tar --format=posix -chf - "$$tardir"'
am__untar='tar -xf -'
bindir='${exec_prefix}/bin'
build='x86_64-pc-linux-gnu'
build_alias='x86_64-linux-gnu'
build_cpu='x86_64'
build_os='linux-gnu'
build_vendor='pc'
clean-gsettings-schemas:
datadir='${datarootdir}'
datarootdir='${prefix}/share'
docdir='${datarootdir}/doc/${PACKAGE_TARNAME}'
dvidir='${docdir}'
endif'
exec_prefix='${prefix}'
gsettings__enum_file = $(addsuffix .enums.xml,$(gsettings_ENUM_NAMESPACE))
gsettingsschemadir='${datarootdir}/glib-2.0/schemas'
host='x86_64-pc-linux-gnu'
host_alias=''
host_cpu='x86_64'
host_os='linux-gnu'
host_vendor='pc'
htmldir='${docdir}'
ifdef gsettings_ENUM_NAMESPACE
includedir='${prefix}/include'
infodir='${prefix}/share/info'
install-data-am: install-gsettings-schemas
install-gsettings-schemas: $(gsettings_SCHEMAS) $(gsettings__enum_file)
install_sh='${SHELL} /home/fzx/temp/ukui-media/ukui-media/build-aux/install-sh'
intltool__v_merge_options_0='-q'
intltool__v_merge_options_='$(intltool__v_merge_options_$(AM_DEFAULT_VERBOSITY))'
libdir='${prefix}/lib/x86_64-linux-gnu'
libexecdir='${prefix}/lib/x86_64-linux-gnu'
localedir='${datarootdir}/locale'
localstatedir='/var'
mandir='${prefix}/share/man'
mkdir_p='$(MKDIR_P)'
mostlyclean-am: clean-gsettings-schemas
oldincludedir='/usr/include'
pdfdir='${docdir}'
prefix='/usr'
program_transform_name='s,x,x,'
psdir='${docdir}'
runstatedir='/run'
sbindir='${exec_prefix}/sbin'
sharedstatedir='${prefix}/com'
sysconfdir='/etc'
target_alias=''
uninstall-am: uninstall-gsettings-schemas
uninstall-gsettings-schemas:

## ----------- ##
## confdefs.h. ##
## ----------- ##

/* confdefs.h */
#define PACKAGE_NAME "ukui-media"
#define PACKAGE_TARNAME "ukui-media"
#define PACKAGE_VERSION "1.1.1"
#define PACKAGE_STRING "ukui-media 1.1.1"
#define PACKAGE_BUGREPORT "http://www.ukui.org/"
#define PACKAGE_URL ""
#define PACKAGE "ukui-media"
#define VERSION "1.1.1"
#define STDC_HEADERS 1
#define HAVE_SYS_TYPES_H 1
#define HAVE_SYS_STAT_H 1
#define HAVE_STDLIB_H 1
#define HAVE_STRING_H 1
#define HAVE_MEMORY_H 1
#define HAVE_STRINGS_H 1
#define HAVE_INTTYPES_H 1
#define HAVE_STDINT_H 1
#define HAVE_UNISTD_H 1
#define HAVE_DLFCN_H 1
#define LT_OBJDIR ".libs/"
#define STDC_HEADERS 1
#define HAVE_STRING_H 1
#define HAVE_MATH_H 1
#define GETTEXT_PACKAGE "ukui-media"
#define HAVE_LOCALE_H 1
#define HAVE_LC_MESSAGES 1
#define HAVE_BIND_TEXTDOMAIN_CODESET 1
#define HAVE_GETTEXT 1
#define HAVE_DCGETTEXT 1
#define ENABLE_NLS 1

configure: exit 0
